\BOOKMARK [0][-]{chapter.1}{\376\377\006\101\006\065\006\104\000\040\000\040\000\040\000\040\000\040\006\064\006\061\006\055\000\040\006\176\006\061\006\110\006\230\006\107}{}% 1
\BOOKMARK [0][-]{chapter.2}{\376\377\006\101\006\065\006\104\000\040\000\040\000\040\000\040\000\040\006\052\006\110\006\063\006\071\006\107\000\040\006\050\006\061\006\106\006\047\006\105\006\107\000\040\006\047\006\061\006\052\006\050\006\047\006\067\006\314\000\040\006\047\006\105\006\106\000\040\006\105\006\050\006\052\006\106\006\314\000\040\006\050\006\061\000\040\000S\000M\000S}{}% 2
\BOOKMARK [1][-]{section.2.1}{\376\377\006\105\006\102\006\057\006\105\006\107}{chapter.2}% 3
\BOOKMARK [2][-]{subsection.2.1.1}{\376\377\006\251\006\104\006\314\006\047\006\052\000\040\006\251\006\047\006\061\000\040\006\047\006\106\006\054\006\047\006\105\000\040\006\064\006\057\006\107}{section.2.1}% 4
\BOOKMARK [0][-]{chapter.3}{\376\377\006\101\006\065\006\104\000\040\000\040\000\040\000\040\000\040\006\061\006\047\006\107\006\106\006\105\006\047\006\314\000\040\006\047\006\063\006\052\006\101\006\047\006\057\006\107\000\040\006\110\000\040\006\176\006\314\006\251\006\061\006\050\006\106\006\057\006\314\000\040\006\063\006\047\006\105\006\047\006\106\006\107}{}% 5
\BOOKMARK [1][-]{section.3.1}{\376\377\006\061\006\110\006\064\000\040\006\047\006\054\006\061\006\047\006\314\000\040\006\176\006\061\006\110\006\230\006\107}{chapter.3}% 6
\BOOKMARK [1][-]{section.3.2}{\376\377\006\061\006\110\006\064\000\040\006\047\006\063\006\052\006\101\006\047\006\057\006\107\000\040\006\064\006\057\006\107\000\040\006\050\006\061\006\047\006\314\000\040\006\054\006\104\006\110\006\257\006\314\006\061\006\314\000\040\006\047\006\062\000\040\006\047\006\063\006\052\006\101\006\047\006\057\006\107\000\040\006\072\006\314\006\061\006\105\006\054\006\047\006\062}{chapter.3}% 7
\BOOKMARK [1][-]{section.3.3}{\376\377\006\047\006\067\006\104\006\047\006\071\006\047\006\052\000\040\006\057\006\061\006\314\006\047\006\101\006\052\006\314\000\040\006\047\006\062\000\040\006\063\006\104\006\110\006\104}{chapter.3}% 8
\BOOKMARK [2][-]{subsection.3.3.1}{\376\377\006\106\006\055\006\110\006\107\000\040\006\071\006\105\006\104\006\251\006\061\006\057\000\040\006\047\006\104\006\257\006\110\006\314\000\040\000e\000n\000u\000m\000e\000r\000a\000t\000i\000o\000n\000\040\000:}{section.3.3}% 9
\BOOKMARK [0][-]{chapter.4}{\376\377\006\101\006\065\006\104\000\040\000\040\000\040\000\040\000\040\006\052\006\110\006\066\006\314\006\055\006\047\006\052\000\040\006\251\006\057\006\107\006\047}{}% 10
\BOOKMARK [1][-]{section.4.1}{\376\377\006\101\006\047\006\314\006\104\000\040\000M\000a\000i\000n\000A\000c\000t\000i\000v\000i\000t\000y\000.\000k\000t\000\040}{chapter.4}% 11
\BOOKMARK [2][-]{subsection.4.1.1}{\376\377\006\105\006\052\006\057\000\040\000o\000n\000C\000r\000e\000a\000t\000e\000\040}{section.4.1}% 12
\BOOKMARK [2][-]{subsection.4.1.2}{\376\377\006\105\006\052\006\057\000\040\000s\000e\000n\000d\000S\000M\000S}{section.4.1}% 13
\BOOKMARK [2][-]{subsection.4.1.3}{\376\377\006\105\006\052\006\057\000\040\000o\000n\000D\000e\000s\000t\000r\000o\000y}{section.4.1}% 14
\BOOKMARK [2][-]{subsection.4.1.4}{\376\377\006\105\006\052\006\057\000\040\000h\000a\000s\000P\000e\000r\000m\000i\000s\000s\000i\000o\000n\000s}{section.4.1}% 15
\BOOKMARK [2][-]{subsection.4.1.5}{\376\377\006\105\006\052\006\057\000\040\000o\000n\000R\000e\000q\000u\000e\000s\000t\000P\000e\000r\000m\000i\000s\000s\000i\000o\000n\000s\000R\000e\000s\000u\000l\000t\000\040}{section.4.1}% 16
\BOOKMARK [2][-]{subsection.4.1.6}{\376\377\006\105\006\052\006\057\000\040\000o\000n\000N\000e\000w\000I\000n\000t\000e\000n\000t\000\040}{section.4.1}% 17
\BOOKMARK [2][-]{subsection.4.1.7}{\376\377\006\105\006\052\006\057\000\040\000s\000t\000a\000r\000t\000S\000M\000S\000L\000i\000s\000t\000e\000n\000e\000r\000\040}{section.4.1}% 18
\BOOKMARK [2][-]{subsection.4.1.8}{\376\377\006\105\006\052\006\057\000\040\000s\000h\000o\000w\000A\000c\000k\000S\000t\000a\000t\000u\000s}{section.4.1}% 19
\BOOKMARK [1][-]{section.4.2}{\376\377\006\101\006\047\006\314\006\104\000\040\000S\000M\000P\000P\000.\000k\000t\000\040}{chapter.4}% 20
\BOOKMARK [2][-]{subsection.4.2.1}{\376\377\006\105\006\052\006\057\000\040\000s\000e\000n\000d\000S\000M\000S\000\040}{section.4.2}% 21
\BOOKMARK [2][-]{subsection.4.2.2}{\376\377\006\105\006\052\006\057\000\040\000g\000e\000t\000S\000e\000s\000s\000i\000o\000n\000C\000o\000n\000f\000i\000g\000\040}{section.4.2}% 22
\BOOKMARK [2][-]{subsection.4.2.3}{\376\377\006\105\006\052\006\057\000\040\000c\000r\000e\000a\000t\000e\000S\000u\000b\000m\000i\000t\000S\000m\000\040}{section.4.2}% 23
\BOOKMARK [2][-]{subsection.4.2.4}{\376\377\006\105\006\052\006\057\000\040\000s\000p\000l\000i\000t\000M\000e\000s\000s\000a\000g\000e\000\040}{section.4.2}% 24
\BOOKMARK [2][-]{subsection.4.2.5}{\376\377\006\105\006\052\006\057\000\040\000e\000x\000t\000r\000a\000c\000t\000S\000e\000r\000v\000i\000n\000g\000C\000e\000l\000l\000S\000i\000g\000n\000a\000l\000S\000t\000r\000e\000n\000g\000t\000h\000\040}{section.4.2}% 25
\BOOKMARK [2][-]{subsection.4.2.6}{\376\377\006\105\006\052\006\057\000\040\000f\000i\000r\000e\000P\000d\000u\000R\000e\000q\000u\000e\000s\000t\000R\000e\000c\000e\000i\000v\000e\000d\000\040}{section.4.2}% 26
\BOOKMARK [1][-]{section.4.3}{\376\377\006\101\006\047\006\314\006\104\000\040\000S\000M\000S\000A\000c\000t\000i\000v\000a\000t\000i\000o\000n\000.\000k\000t\000\040}{chapter.4}% 27
\BOOKMARK [2][-]{subsection.4.3.1}{\376\377\006\105\006\052\006\057\000\040\000u\000p\000d\000a\000t\000e\000C\000h\000a\000t\000I\000t\000e\000m\000s\000\040}{section.4.3}% 28
\BOOKMARK [2][-]{subsection.4.3.2}{\376\377\006\105\006\052\006\057\000\040\000r\000e\000a\000d\000S\000m\000s\000\040}{section.4.3}% 29
\BOOKMARK [2][-]{subsection.4.3.3}{\376\377\006\105\006\052\006\057\000\040\000S\000M\000S\000A\000c\000t\000i\000v\000a\000t\000i\000o\000n\000\040}{section.4.3}% 30
\BOOKMARK [1][-]{section.4.4}{\376\377\006\101\006\047\006\314\006\104\000\040\000S\000M\000S\000R\000e\000c\000e\000i\000v\000e\000r\000.\000k\000t\000\040}{chapter.4}% 31
\BOOKMARK [1][-]{section.4.5}{\376\377\006\101\006\047\006\314\006\104\000\040\000S\000e\000t\000t\000i\000n\000g\000s\000A\000c\000t\000i\000v\000a\000t\000i\000o\000n\000.\000k\000t\000\040}{chapter.4}% 32
\BOOKMARK [1][-]{section.4.6}{\376\377\006\101\006\047\006\314\006\104\000\040\000L\000o\000c\000a\000t\000i\000o\000n\000A\000n\000d\000C\000e\000l\000l\000I\000n\000f\000o\000.\000k\000t\000\040}{chapter.4}% 33
\BOOKMARK [2][-]{subsection.4.6.1}{\376\377\006\064\006\061\006\055\000\040\006\050\006\056\006\064\040\014\006\107\006\047\006\314\000\040\006\251\006\057\000:}{section.4.6}% 34
\BOOKMARK [0][-]{chapter.5}{\376\377\006\101\006\065\006\104\000\040\000\040\000\040\000\040\000\040\006\105\006\061\006\047\006\054\006\071}{}% 35
